<?xml version="1.0" encoding="UTF-8"?>
<!-- Generated by org.testng.reporters.JUnitReportReporter -->
<testsuite hostname="PC-PC" name="com.hrms.testscripts.TC_001" tests="1" failures="0" timestamp="18 Oct 2020 08:56:48 GMT" time="85.412" errors="0">
  <testcase name="tc01" time="85.412" classname="com.hrms.testscripts.TC_001"/>
</testsuite> <!-- com.hrms.testscripts.TC_001 -->
