<?xml version="1.0" encoding="UTF-8"?>
<!-- Generated by org.testng.reporters.JUnitReportReporter -->
<testsuite hostname="PC-PC" name="com.hrms.testscripts.TC_002" tests="1" failures="0" timestamp="18 Oct 2020 08:56:48 GMT" time="50.052" errors="0">
  <testcase name="tc02" time="50.052" classname="com.hrms.testscripts.TC_002"/>
</testsuite> <!-- com.hrms.testscripts.TC_002 -->
